<?xml version="1.0" encoding="UTF-8"?>
<!-- Generated by org.testng.reporters.JUnitReportReporter -->
<testsuite hostname="DESKTOP-NN19MM0" failures="0" tests="4" name="loginSection.Login" time="69.719" errors="0" timestamp="2021-04-19T17:14:44 IST" skipped="0">
  <testcase classname="loginSection.Login" name="testLogin" time="15.764"/>
  <system-out/>
  <testcase classname="loginSection.Login" name="testLogin" time="15.168"/>
  <system-out/>
  <testcase classname="loginSection.Login" name="testLogin" time="17.082"/>
  <system-out/>
  <testcase classname="loginSection.Login" name="testLogin" time="21.705"/>
  <system-out/>
</testsuite> <!-- loginSection.Login -->
