<?xml version="1.0" encoding="UTF-8"?>
<!-- Generated by org.testng.reporters.JUnitReportReporter -->
<testsuite hostname="DESKTOP-NN19MM0" failures="0" tests="4" name="loginSection.Login" time="51.149" errors="0" timestamp="2021-05-19T13:32:59 IST" skipped="0">
  <testcase classname="loginSection.Login" name="testLogin" time="11.948"/>
  <system-out/>
  <testcase classname="loginSection.Login" name="testLogin" time="14.588"/>
  <system-out/>
  <testcase classname="loginSection.Login" name="testLogin" time="12.649"/>
  <system-out/>
  <testcase classname="loginSection.Login" name="testLogin" time="11.964"/>
  <system-out/>
</testsuite> <!-- loginSection.Login -->
