<?xml version="1.0" encoding="UTF-8"?>
<!-- Generated by org.testng.reporters.JUnitReportReporter -->
<testsuite hostname="DESKTOP-NN19MM0" failures="0" tests="1" name="loginSection.Sample" time="0.008" errors="0" timestamp="2021-05-19T13:32:59 IST" skipped="0">
  <testcase classname="loginSection.Sample" name="sampleMethod" time="0.008"/>
  <system-out/>
</testsuite> <!-- loginSection.Sample -->
