<?xml version="1.0" encoding="UTF-8"?>
<!-- Generated by org.testng.reporters.JUnitReportReporter -->
<testsuite hostname="DESKTOP-NN19MM0" failures="0" tests="4" name="loginSection.Login" time="43.791" errors="0" timestamp="2021-04-18T18:57:40 IST" skipped="0">
  <testcase classname="loginSection.Login" name="getCredentials" time="9.350"/>
  <system-out/>
  <testcase classname="loginSection.Login" name="getCredentials" time="12.669"/>
  <system-out/>
  <testcase classname="loginSection.Login" name="getCredentials" time="11.910"/>
  <system-out/>
  <testcase classname="loginSection.Login" name="getCredentials" time="9.862"/>
  <system-out/>
</testsuite> <!-- loginSection.Login -->
