<?xml version="1.0" encoding="UTF-8"?>
<!-- Generated by org.testng.reporters.JUnitReportReporter -->
<testsuite hostname="DESKTOP-NN19MM0" failures="0" tests="4" name="loginSection.Login" time="54.239" errors="0" timestamp="2021-04-18T19:34:58 IST" skipped="0">
  <testcase classname="loginSection.Login" name="testLogin" time="19.281"/>
  <system-out/>
  <testcase classname="loginSection.Login" name="testLogin" time="10.116"/>
  <system-out/>
  <testcase classname="loginSection.Login" name="testLogin" time="14.816"/>
  <system-out/>
  <testcase classname="loginSection.Login" name="testLogin" time="10.026"/>
  <system-out/>
</testsuite> <!-- loginSection.Login -->
