<?xml version="1.0" encoding="UTF-8"?>
<!-- Generated by org.testng.reporters.JUnitReportReporter -->
<testsuite hostname="DESKTOP-NN19MM0" failures="0" tests="1" name="loginSection.Login" time="31.478" errors="0" timestamp="2021-04-17T19:00:36 IST" skipped="0">
  <testcase classname="loginSection.Login" name="getCredentials" time="31.478"/>
  <system-out/>
</testsuite> <!-- loginSection.Login -->
