<?xml version="1.0" encoding="UTF-8"?>
<!-- Generated by org.testng.reporters.JUnitReportReporter -->
<testsuite hostname="DESKTOP-NN19MM0" failures="0" tests="1" name="loginSection.demo" time="0.010" errors="0" timestamp="2021-05-19T19:35:03 IST" skipped="0">
  <testcase classname="loginSection.demo" name="testSimple" time="0.010"/>
  <system-out/>
</testsuite> <!-- loginSection.demo -->
